<?xml version="1.0" encoding="utf-8"?><testsuites><testsuite name="pytest" errors="0" failures="0" skipped="0" tests="19" time="0.292" timestamp="2022-11-06T08:36:30.574903" hostname="moonstar"><testcase classname="tests.test_add" name="test_add_movement" time="0.014" /><testcase classname="tests.test_database" name="test_database_schema" time="0.003" /><testcase classname="tests.test_database" name="test_commit_to_db" time="0.003" /><testcase classname="tests.test_database" name="test_add_person_for_the_first_time" time="0.006" /><testcase classname="tests.test_database" name="test_negative_add_person_valid_email" time="0.003" /><testcase classname="tests.test_database" name="test_add_or_remove_points_for_person" time="0.006" /><testcase classname="tests.test_load" name="test_load_positive_has_3_people" time="0.006" /><testcase classname="tests.test_load" name="test_load_positive_first_name_starts_with_j" time="0.006" /><testcase classname="tests.test_read" name="test_read_with_query" time="0.006" /><testcase classname="tests.test_utils" name="test_positive_check_valid_email[joe@doe.com]" time="0.003" /><testcase classname="tests.test_utils" name="test_positive_check_valid_email[foo@bar.com]" time="0.003" /><testcase classname="tests.test_utils" name="test_negativa_check_valid_email[joe@.com]" time="0.003" /><testcase classname="tests.test_utils" name="test_negativa_check_valid_email[@bar.com]" time="0.003" /><testcase classname="tests.test_utils" name="test_negativa_check_valid_email[foo@bar]" time="0.004" /><testcase classname="tests.test_utils" name="test_genereate_simple_password" time="0.003" /><testcase classname="integration.test_load" name="test_load" time="0.010" /><testcase classname="integration.test_load" name="test_load_negative_call_load_command_with_wrong_params[loady]" time="0.007" /><testcase classname="integration.test_load" name="test_load_negative_call_load_command_with_wrong_params[carrega]" time="0.006" /><testcase classname="integration.test_load" name="test_load_negative_call_load_command_with_wrong_params[start]" time="0.007" /></testsuite></testsuites>