<?xml version="1.0" encoding="utf-8"?><testsuites><testsuite name="pytest" errors="0" failures="0" skipped="0" tests="3" time="0.046" timestamp="2022-10-20T11:27:20.218759" hostname="moonstar"><testcase classname="tests.test_load" name="test_load_positive_has_2_people" time="0.000" /><testcase classname="tests.test_load" name="test_load_positive_first_name_starts_with_j" time="0.000" /><testcase classname="integration.test_load" name="test_load" time="0.029" /></testsuite></testsuites>